<?xml version="1.0" encoding="UTF-8"?>
<!-- Generated by org.testng.reporters.JUnitReportReporter -->
<testsuite hostname="RATAN" failures="0" tests="1" name="restAssuredRequestPayload.HTTPRequest" time="3.812" errors="0" timestamp="2022-11-15T06:40:15 EST" skipped="0">
  <testcase classname="restAssuredRequestPayload.HTTPRequest" name="getUsers" time="3.812"/>
  <system-out/>
</testsuite> <!-- restAssuredRequestPayload.HTTPRequest -->
