<?xml version="1.0" encoding="UTF-8"?>
<!-- Generated by org.testng.reporters.JUnitReportReporter -->
<testsuite hostname="RATAN" failures="0" tests="4" name="restAssuredRequestPayload.HTTPRequest02" time="5.679" errors="0" timestamp="2022-11-15T06:25:07 EST" skipped="0">
  <testcase classname="restAssuredRequestPayload.HTTPRequest02" name="getUsers" time="4.278"/>
  <system-out/>
  <testcase classname="restAssuredRequestPayload.HTTPRequest02" name="createUser" time="0.817"/>
  <system-out/>
  <testcase classname="restAssuredRequestPayload.HTTPRequest02" name="updateUser" time="0.291"/>
  <system-out/>
  <testcase classname="restAssuredRequestPayload.HTTPRequest02" name="deleteUser" time="0.293"/>
  <system-out/>
</testsuite> <!-- restAssuredRequestPayload.HTTPRequest02 -->
